<?xml version="1.0" encoding="UTF-8"?>
<testsuite name="challenge.bracketbalance.BracketBalanceTest" tests="2" skipped="0" failures="0" errors="0" timestamp="2020-05-14T18:59:43" hostname="MacBook-Pro-de-Maximiliano.local" time="0.011">
  <properties/>
  <testcase name="test_not_balanced" classname="challenge.bracketbalance.BracketBalanceTest" time="0.011"/>
  <testcase name="test_balanced" classname="challenge.bracketbalance.BracketBalanceTest" time="0.0"/>
  <system-out><![CDATA[]]></system-out>
  <system-err><![CDATA[]]></system-err>
</testsuite>
