<?xml version="1.0" encoding="UTF-8"?>
<testsuite name="challenge.euler.MultiplesTest" tests="2" skipped="0" failures="0" errors="0" timestamp="2020-05-14T19:57:26" hostname="MacBook-Pro-de-Maximiliano.local" time="0.009">
  <properties/>
  <testcase name="test_findMultiplesSumLowerThan_10" classname="challenge.euler.MultiplesTest" time="0.001"/>
  <testcase name="test_findMultiplesSumLowerThan_1000" classname="challenge.euler.MultiplesTest" time="0.008"/>
  <system-out><![CDATA[]]></system-out>
  <system-err><![CDATA[]]></system-err>
</testsuite>
